<?xml version="1.0" encoding="UTF-8" standalone="no"?>
<testsuite failures="0" name="cucumber.runtime.formatter.JUnitFormatter" skipped="0" tests="1" time="20.322083">
<testcase classname="Facebook login  Action Feature" name="Facebook login Test Scenario" time="20.322083">
<system-out><![CDATA[Given user should enter the url.............................................passed
When title of the page is facebook..........................................passed
Then user should enter email and password...................................passed
Then user should click on login button......................................passed
]]></system-out>
</testcase>
</testsuite>
